<?xml version="1.0" encoding="UTF-8"?>
<!-- Generated by org.testng.reporters.JUnitXMLReporter -->
<testsuite ignored="0" hostname="SimranLaptop" failures="11" tests="11" name="Surefire test" time="53.152" errors="0" timestamp="2025-06-25T01:16:42 BST">
  <testcase classname="io.cucumber.testng.AbstractTestNGCucumberTests" name="runScenario" time="6.407">
    <failure type="java.lang.AssertionError" message="expected [true] but found [false]">
      <![CDATA[java.lang.AssertionError: expected [true] but found [false]
at pageObjects.CandidateSearchResultPage.validateNewestDatePostedSortBy(CandidateSearchResultPage.java:60)
at stepDefinitions.CandidateSearchResultPageStepDefinition.sort_my_search_results_with_the_newest_date_posted(CandidateSearchResultPageStepDefinition.java:30)
at ✽.sort my search results with the newest Date Posted(file:///C:/Users/simra/eclipse-interview-workspace/nhs_Assignment/src/test/java/features/task1.feature:10)
... Removed 4 stack frames]]>
    </failure>
  </testcase> <!-- runScenario -->
  <testcase classname="io.cucumber.testng.AbstractTestNGCucumberTests" name="runScenario" time="5.297">
    <failure type="java.lang.AssertionError" message="expected [true] but found [false]">
      <![CDATA[java.lang.AssertionError: expected [true] but found [false]
at pageObjects.CandidateSearchResultPage.validateNewestDatePostedSortBy(CandidateSearchResultPage.java:60)
at stepDefinitions.CandidateSearchResultPageStepDefinition.sort_my_search_results_with_the_newest_date_posted(CandidateSearchResultPageStepDefinition.java:30)
at ✽.sort my search results with the newest Date Posted(file:///C:/Users/simra/eclipse-interview-workspace/nhs_Assignment/src/test/java/features/task1.feature:10)
... Removed 4 stack frames]]>
    </failure>
  </testcase> <!-- runScenario -->
  <testcase classname="io.cucumber.testng.AbstractTestNGCucumberTests" name="runScenario" time="4.114">
    <failure type="java.lang.AssertionError" message="expected [true] but found [false]">
      <![CDATA[java.lang.AssertionError: expected [true] but found [false]
at pageObjects.CandidateSearchResultPage.validateNewestDatePostedSortBy(CandidateSearchResultPage.java:60)
at stepDefinitions.CandidateSearchResultPageStepDefinition.sort_my_search_results_with_the_newest_date_posted(CandidateSearchResultPageStepDefinition.java:30)
at ✽.sort my search results with the newest Date Posted(file:///C:/Users/simra/eclipse-interview-workspace/nhs_Assignment/src/test/java/features/task1.feature:10)
... Removed 4 stack frames]]>
    </failure>
  </testcase> <!-- runScenario -->
  <testcase classname="io.cucumber.testng.AbstractTestNGCucumberTests" name="runScenario" time="4.031">
    <failure type="java.lang.AssertionError" message="expected [true] but found [false]">
      <![CDATA[java.lang.AssertionError: expected [true] but found [false]
at pageObjects.CandidateSearchResultPage.validateNewestDatePostedSortBy(CandidateSearchResultPage.java:60)
at stepDefinitions.CandidateSearchResultPageStepDefinition.sort_my_search_results_with_the_newest_date_posted(CandidateSearchResultPageStepDefinition.java:30)
at ✽.sort my search results with the newest Date Posted(file:///C:/Users/simra/eclipse-interview-workspace/nhs_Assignment/src/test/java/features/task1.feature:10)
... Removed 4 stack frames]]>
    </failure>
  </testcase> <!-- runScenario -->
  <testcase classname="io.cucumber.testng.AbstractTestNGCucumberTests" name="runScenario" time="4.558">
    <failure type="java.lang.AssertionError" message="expected [true] but found [false]">
      <![CDATA[java.lang.AssertionError: expected [true] but found [false]
at pageObjects.CandidateSearchResultPage.validateNewestDatePostedSortBy(CandidateSearchResultPage.java:60)
at stepDefinitions.CandidateSearchResultPageStepDefinition.sort_my_search_results_with_the_newest_date_posted(CandidateSearchResultPageStepDefinition.java:30)
at ✽.sort my search results with the newest Date Posted(file:///C:/Users/simra/eclipse-interview-workspace/nhs_Assignment/src/test/java/features/task1.feature:24)
... Removed 4 stack frames]]>
    </failure>
  </testcase> <!-- runScenario -->
  <testcase classname="io.cucumber.testng.AbstractTestNGCucumberTests" name="runScenario" time="4.654">
    <failure type="java.lang.AssertionError" message="expected [true] but found [false]">
      <![CDATA[java.lang.AssertionError: expected [true] but found [false]
at pageObjects.CandidateSearchResultPage.validateNewestDatePostedSortBy(CandidateSearchResultPage.java:60)
at stepDefinitions.CandidateSearchResultPageStepDefinition.sort_my_search_results_with_the_newest_date_posted(CandidateSearchResultPageStepDefinition.java:30)
at ✽.sort my search results with the newest Date Posted(file:///C:/Users/simra/eclipse-interview-workspace/nhs_Assignment/src/test/java/features/task1.feature:24)
... Removed 4 stack frames]]>
    </failure>
  </testcase> <!-- runScenario -->
  <testcase classname="io.cucumber.testng.AbstractTestNGCucumberTests" name="runScenario" time="4.591">
    <failure type="java.lang.AssertionError" message="expected [true] but found [false]">
      <![CDATA[java.lang.AssertionError: expected [true] but found [false]
at pageObjects.CandidateSearchResultPage.validateNewestDatePostedSortBy(CandidateSearchResultPage.java:60)
at stepDefinitions.CandidateSearchResultPageStepDefinition.sort_my_search_results_with_the_newest_date_posted(CandidateSearchResultPageStepDefinition.java:30)
at ✽.sort my search results with the newest Date Posted(file:///C:/Users/simra/eclipse-interview-workspace/nhs_Assignment/src/test/java/features/task1.feature:24)
... Removed 4 stack frames]]>
    </failure>
  </testcase> <!-- runScenario -->
  <testcase classname="io.cucumber.testng.AbstractTestNGCucumberTests" name="runScenario" time="4.409">
    <failure type="java.lang.AssertionError" message="expected [true] but found [false]">
      <![CDATA[java.lang.AssertionError: expected [true] but found [false]
at pageObjects.CandidateSearchResultPage.validateNewestDatePostedSortBy(CandidateSearchResultPage.java:60)
at stepDefinitions.CandidateSearchResultPageStepDefinition.sort_my_search_results_with_the_newest_date_posted(CandidateSearchResultPageStepDefinition.java:30)
at ✽.sort my search results with the newest Date Posted(file:///C:/Users/simra/eclipse-interview-workspace/nhs_Assignment/src/test/java/features/task1.feature:37)
... Removed 4 stack frames]]>
    </failure>
  </testcase> <!-- runScenario -->
  <testcase classname="io.cucumber.testng.AbstractTestNGCucumberTests" name="runScenario" time="4.537">
    <failure type="java.lang.AssertionError" message="expected [true] but found [false]">
      <![CDATA[java.lang.AssertionError: expected [true] but found [false]
at pageObjects.CandidateSearchResultPage.validateNewestDatePostedSortBy(CandidateSearchResultPage.java:60)
at stepDefinitions.CandidateSearchResultPageStepDefinition.sort_my_search_results_with_the_newest_date_posted(CandidateSearchResultPageStepDefinition.java:30)
at ✽.sort my search results with the newest Date Posted(file:///C:/Users/simra/eclipse-interview-workspace/nhs_Assignment/src/test/java/features/task1.feature:50)
... Removed 4 stack frames]]>
    </failure>
  </testcase> <!-- runScenario -->
  <testcase classname="io.cucumber.testng.AbstractTestNGCucumberTests" name="runScenario" time="4.439">
    <failure type="java.lang.AssertionError" message="expected [true] but found [false]">
      <![CDATA[java.lang.AssertionError: expected [true] but found [false]
at pageObjects.CandidateSearchResultPage.validateNewestDatePostedSortBy(CandidateSearchResultPage.java:60)
at stepDefinitions.CandidateSearchResultPageStepDefinition.sort_my_search_results_with_the_newest_date_posted(CandidateSearchResultPageStepDefinition.java:30)
at ✽.sort my search results with the newest Date Posted(file:///C:/Users/simra/eclipse-interview-workspace/nhs_Assignment/src/test/java/features/task1.feature:62)
... Removed 4 stack frames]]>
    </failure>
  </testcase> <!-- runScenario -->
  <testcase classname="io.cucumber.testng.AbstractTestNGCucumberTests" name="runScenario" time="4.815">
    <failure type="java.lang.AssertionError" message="expected [true] but found [false]">
      <![CDATA[java.lang.AssertionError: expected [true] but found [false]
at pageObjects.CandidateSearchResultPage.validateNewestDatePostedSortBy(CandidateSearchResultPage.java:60)
at stepDefinitions.CandidateSearchResultPageStepDefinition.sort_my_search_results_with_the_newest_date_posted(CandidateSearchResultPageStepDefinition.java:30)
at ✽.sort my search results with the newest Date Posted(file:///C:/Users/simra/eclipse-interview-workspace/nhs_Assignment/src/test/java/features/task1.feature:78)
... Removed 4 stack frames]]>
    </failure>
  </testcase> <!-- runScenario -->
</testsuite> <!-- Surefire test -->
