<?xml version="1.0" encoding="UTF-8"?>
<!-- Generated by org.testng.reporters.JUnitXMLReporter -->
<testsuite ignored="0" hostname="SimranLaptop" failures="11" tests="11" name="Default test" time="50.686" errors="0" timestamp="2025-06-25T01:24:47 BST">
  <testcase classname="io.cucumber.testng.AbstractTestNGCucumberTests" name="runScenario" time="5.146">
    <failure type="java.lang.AssertionError" message="expected [true] but found [false]">
      <![CDATA[java.lang.AssertionError: expected [true] but found [false]
at org.testng.Assert.fail(Assert.java:111)
at org.testng.Assert.failNotEquals(Assert.java:1578)
at org.testng.Assert.assertTrue(Assert.java:57)
at org.testng.Assert.assertTrue(Assert.java:67)
at pageObjects.CandidateSearchResultPage.validateNewestDatePostedSortBy(CandidateSearchResultPage.java:60)
at stepDefinitions.CandidateSearchResultPageStepDefinition.sort_my_search_results_with_the_newest_date_posted(CandidateSearchResultPageStepDefinition.java:30)
at ✽.sort my search results with the newest Date Posted(file:///C:/Users/simra/eclipse-interview-workspace/nhs_Assignment/src/test/java/features/task1.feature:10)
]]>
    </failure>
  </testcase> <!-- runScenario -->
  <testcase classname="io.cucumber.testng.AbstractTestNGCucumberTests" name="runScenario" time="4.665">
    <failure type="java.lang.AssertionError" message="expected [true] but found [false]">
      <![CDATA[java.lang.AssertionError: expected [true] but found [false]
at org.testng.Assert.fail(Assert.java:111)
at org.testng.Assert.failNotEquals(Assert.java:1578)
at org.testng.Assert.assertTrue(Assert.java:57)
at org.testng.Assert.assertTrue(Assert.java:67)
at pageObjects.CandidateSearchResultPage.validateNewestDatePostedSortBy(CandidateSearchResultPage.java:60)
at stepDefinitions.CandidateSearchResultPageStepDefinition.sort_my_search_results_with_the_newest_date_posted(CandidateSearchResultPageStepDefinition.java:30)
at ✽.sort my search results with the newest Date Posted(file:///C:/Users/simra/eclipse-interview-workspace/nhs_Assignment/src/test/java/features/task1.feature:10)
]]>
    </failure>
  </testcase> <!-- runScenario -->
  <testcase classname="io.cucumber.testng.AbstractTestNGCucumberTests" name="runScenario" time="4.428">
    <failure type="java.lang.AssertionError" message="expected [true] but found [false]">
      <![CDATA[java.lang.AssertionError: expected [true] but found [false]
at org.testng.Assert.fail(Assert.java:111)
at org.testng.Assert.failNotEquals(Assert.java:1578)
at org.testng.Assert.assertTrue(Assert.java:57)
at org.testng.Assert.assertTrue(Assert.java:67)
at pageObjects.CandidateSearchResultPage.validateNewestDatePostedSortBy(CandidateSearchResultPage.java:60)
at stepDefinitions.CandidateSearchResultPageStepDefinition.sort_my_search_results_with_the_newest_date_posted(CandidateSearchResultPageStepDefinition.java:30)
at ✽.sort my search results with the newest Date Posted(file:///C:/Users/simra/eclipse-interview-workspace/nhs_Assignment/src/test/java/features/task1.feature:10)
]]>
    </failure>
  </testcase> <!-- runScenario -->
  <testcase classname="io.cucumber.testng.AbstractTestNGCucumberTests" name="runScenario" time="4.367">
    <failure type="java.lang.AssertionError" message="expected [true] but found [false]">
      <![CDATA[java.lang.AssertionError: expected [true] but found [false]
at org.testng.Assert.fail(Assert.java:111)
at org.testng.Assert.failNotEquals(Assert.java:1578)
at org.testng.Assert.assertTrue(Assert.java:57)
at org.testng.Assert.assertTrue(Assert.java:67)
at pageObjects.CandidateSearchResultPage.validateNewestDatePostedSortBy(CandidateSearchResultPage.java:60)
at stepDefinitions.CandidateSearchResultPageStepDefinition.sort_my_search_results_with_the_newest_date_posted(CandidateSearchResultPageStepDefinition.java:30)
at ✽.sort my search results with the newest Date Posted(file:///C:/Users/simra/eclipse-interview-workspace/nhs_Assignment/src/test/java/features/task1.feature:10)
]]>
    </failure>
  </testcase> <!-- runScenario -->
  <testcase classname="io.cucumber.testng.AbstractTestNGCucumberTests" name="runScenario" time="4.883">
    <failure type="java.lang.AssertionError" message="expected [true] but found [false]">
      <![CDATA[java.lang.AssertionError: expected [true] but found [false]
at org.testng.Assert.fail(Assert.java:111)
at org.testng.Assert.failNotEquals(Assert.java:1578)
at org.testng.Assert.assertTrue(Assert.java:57)
at org.testng.Assert.assertTrue(Assert.java:67)
at pageObjects.CandidateSearchResultPage.validateNewestDatePostedSortBy(CandidateSearchResultPage.java:60)
at stepDefinitions.CandidateSearchResultPageStepDefinition.sort_my_search_results_with_the_newest_date_posted(CandidateSearchResultPageStepDefinition.java:30)
at ✽.sort my search results with the newest Date Posted(file:///C:/Users/simra/eclipse-interview-workspace/nhs_Assignment/src/test/java/features/task1.feature:24)
]]>
    </failure>
  </testcase> <!-- runScenario -->
  <testcase classname="io.cucumber.testng.AbstractTestNGCucumberTests" name="runScenario" time="4.131">
    <failure type="java.lang.AssertionError" message="expected [true] but found [false]">
      <![CDATA[java.lang.AssertionError: expected [true] but found [false]
at org.testng.Assert.fail(Assert.java:111)
at org.testng.Assert.failNotEquals(Assert.java:1578)
at org.testng.Assert.assertTrue(Assert.java:57)
at org.testng.Assert.assertTrue(Assert.java:67)
at pageObjects.CandidateSearchResultPage.validateNewestDatePostedSortBy(CandidateSearchResultPage.java:60)
at stepDefinitions.CandidateSearchResultPageStepDefinition.sort_my_search_results_with_the_newest_date_posted(CandidateSearchResultPageStepDefinition.java:30)
at ✽.sort my search results with the newest Date Posted(file:///C:/Users/simra/eclipse-interview-workspace/nhs_Assignment/src/test/java/features/task1.feature:24)
]]>
    </failure>
  </testcase> <!-- runScenario -->
  <testcase classname="io.cucumber.testng.AbstractTestNGCucumberTests" name="runScenario" time="4.121">
    <failure type="java.lang.AssertionError" message="expected [true] but found [false]">
      <![CDATA[java.lang.AssertionError: expected [true] but found [false]
at org.testng.Assert.fail(Assert.java:111)
at org.testng.Assert.failNotEquals(Assert.java:1578)
at org.testng.Assert.assertTrue(Assert.java:57)
at org.testng.Assert.assertTrue(Assert.java:67)
at pageObjects.CandidateSearchResultPage.validateNewestDatePostedSortBy(CandidateSearchResultPage.java:60)
at stepDefinitions.CandidateSearchResultPageStepDefinition.sort_my_search_results_with_the_newest_date_posted(CandidateSearchResultPageStepDefinition.java:30)
at ✽.sort my search results with the newest Date Posted(file:///C:/Users/simra/eclipse-interview-workspace/nhs_Assignment/src/test/java/features/task1.feature:24)
]]>
    </failure>
  </testcase> <!-- runScenario -->
  <testcase classname="io.cucumber.testng.AbstractTestNGCucumberTests" name="runScenario" time="4.886">
    <failure type="java.lang.AssertionError" message="expected [true] but found [false]">
      <![CDATA[java.lang.AssertionError: expected [true] but found [false]
at org.testng.Assert.fail(Assert.java:111)
at org.testng.Assert.failNotEquals(Assert.java:1578)
at org.testng.Assert.assertTrue(Assert.java:57)
at org.testng.Assert.assertTrue(Assert.java:67)
at pageObjects.CandidateSearchResultPage.validateNewestDatePostedSortBy(CandidateSearchResultPage.java:60)
at stepDefinitions.CandidateSearchResultPageStepDefinition.sort_my_search_results_with_the_newest_date_posted(CandidateSearchResultPageStepDefinition.java:30)
at ✽.sort my search results with the newest Date Posted(file:///C:/Users/simra/eclipse-interview-workspace/nhs_Assignment/src/test/java/features/task1.feature:37)
]]>
    </failure>
  </testcase> <!-- runScenario -->
  <testcase classname="io.cucumber.testng.AbstractTestNGCucumberTests" name="runScenario" time="4.249">
    <failure type="java.lang.AssertionError" message="expected [true] but found [false]">
      <![CDATA[java.lang.AssertionError: expected [true] but found [false]
at org.testng.Assert.fail(Assert.java:111)
at org.testng.Assert.failNotEquals(Assert.java:1578)
at org.testng.Assert.assertTrue(Assert.java:57)
at org.testng.Assert.assertTrue(Assert.java:67)
at pageObjects.CandidateSearchResultPage.validateNewestDatePostedSortBy(CandidateSearchResultPage.java:60)
at stepDefinitions.CandidateSearchResultPageStepDefinition.sort_my_search_results_with_the_newest_date_posted(CandidateSearchResultPageStepDefinition.java:30)
at ✽.sort my search results with the newest Date Posted(file:///C:/Users/simra/eclipse-interview-workspace/nhs_Assignment/src/test/java/features/task1.feature:50)
]]>
    </failure>
  </testcase> <!-- runScenario -->
  <testcase classname="io.cucumber.testng.AbstractTestNGCucumberTests" name="runScenario" time="4.017">
    <failure type="java.lang.AssertionError" message="expected [true] but found [false]">
      <![CDATA[java.lang.AssertionError: expected [true] but found [false]
at org.testng.Assert.fail(Assert.java:111)
at org.testng.Assert.failNotEquals(Assert.java:1578)
at org.testng.Assert.assertTrue(Assert.java:57)
at org.testng.Assert.assertTrue(Assert.java:67)
at pageObjects.CandidateSearchResultPage.validateNewestDatePostedSortBy(CandidateSearchResultPage.java:60)
at stepDefinitions.CandidateSearchResultPageStepDefinition.sort_my_search_results_with_the_newest_date_posted(CandidateSearchResultPageStepDefinition.java:30)
at ✽.sort my search results with the newest Date Posted(file:///C:/Users/simra/eclipse-interview-workspace/nhs_Assignment/src/test/java/features/task1.feature:62)
]]>
    </failure>
  </testcase> <!-- runScenario -->
  <testcase classname="io.cucumber.testng.AbstractTestNGCucumberTests" name="runScenario" time="4.903">
    <failure type="java.lang.AssertionError" message="expected [true] but found [false]">
      <![CDATA[java.lang.AssertionError: expected [true] but found [false]
at org.testng.Assert.fail(Assert.java:111)
at org.testng.Assert.failNotEquals(Assert.java:1578)
at org.testng.Assert.assertTrue(Assert.java:57)
at org.testng.Assert.assertTrue(Assert.java:67)
at pageObjects.CandidateSearchResultPage.validateNewestDatePostedSortBy(CandidateSearchResultPage.java:60)
at stepDefinitions.CandidateSearchResultPageStepDefinition.sort_my_search_results_with_the_newest_date_posted(CandidateSearchResultPageStepDefinition.java:30)
at ✽.sort my search results with the newest Date Posted(file:///C:/Users/simra/eclipse-interview-workspace/nhs_Assignment/src/test/java/features/task1.feature:78)
]]>
    </failure>
  </testcase> <!-- runScenario -->
</testsuite> <!-- Default test -->
