<?xml version="1.0" encoding="UTF-8"?>
<testsuite xmlns:xsi="http://www.w3.org/2001/XMLSchema-instance" xsi:noNamespaceSchemaLocation="https://maven.apache.org/surefire/maven-surefire-plugin/xsd/surefire-test-report.xsd" version="3.0.1" name="TestSuite" time="53.729" tests="11" errors="0" skipped="0" failures="11">
  <properties>
[...]
</properties>
  <testcase name="runScenario[&quot;To test job seeker able to search jobs by location preference&quot;, &quot;To test NHS Job Search functionality&quot;](1)" classname="cucumberOptions.TestNGRunner" time="6.41">
    <failure message="expected [true] but found [false]" type="java.lang.AssertionError"><![CDATA[java.lang.AssertionError: expected [true] but found [false]
	at org.testng.Assert.fail(Assert.java:111)
	at org.testng.Assert.failNotEquals(Assert.java:1578)
	at org.testng.Assert.assertTrue(Assert.java:57)
	at org.testng.Assert.assertTrue(Assert.java:67)
	at pageObjects.CandidateSearchResultPage.validateNewestDatePostedSortBy(CandidateSearchResultPage.java:60)
	at stepDefinitions.CandidateSearchResultPageStepDefinition.sort_my_search_results_with_the_newest_date_posted(CandidateSearchResultPageStepDefinition.java:30)
	at ✽.sort my search results with the newest Date Posted(file:///C:/Users/simra/eclipse-interview-workspace/nhs_Assignment/src/test/java/features/task1.feature:10)
]]></failure>
    <system-err><![CDATA[SLF4J: Failed to load class "org.slf4j.impl.StaticLoggerBinder".
SLF4J: Defaulting to no-operation (NOP) logger implementation
SLF4J: See http://www.slf4j.org/codes.html#StaticLoggerBinder for further details.
Jun 25, 2025 1:15:53 AM org.openqa.selenium.devtools.CdpVersionFinder findNearestMatch
WARNING: Unable to find CDP implementation matching 137
Jun 25, 2025 1:15:53 AM org.openqa.selenium.chromium.ChromiumDriver lambda$new$5
WARNING: Unable to find version of CDP to use for 137.0.7151.120. You may need to include a dependency on a specific version of the CDP using something similar to `org.seleniumhq.selenium:selenium-devtools-v86:4.18.0` where the version ("v86") matches the version of the chromium-based browser you're using and the version number of the artifact is the same as Selenium's.
]]></system-err>
  </testcase>
  <testcase name="runScenario[&quot;To test job seeker able to search jobs by location preference&quot;, &quot;To test NHS Job Search functionality&quot;](2)" classname="cucumberOptions.TestNGRunner" time="5.296">
    <failure message="expected [true] but found [false]" type="java.lang.AssertionError"><![CDATA[java.lang.AssertionError: expected [true] but found [false]
	at org.testng.Assert.fail(Assert.java:111)
	at org.testng.Assert.failNotEquals(Assert.java:1578)
	at org.testng.Assert.assertTrue(Assert.java:57)
	at org.testng.Assert.assertTrue(Assert.java:67)
	at pageObjects.CandidateSearchResultPage.validateNewestDatePostedSortBy(CandidateSearchResultPage.java:60)
	at stepDefinitions.CandidateSearchResultPageStepDefinition.sort_my_search_results_with_the_newest_date_posted(CandidateSearchResultPageStepDefinition.java:30)
	at ✽.sort my search results with the newest Date Posted(file:///C:/Users/simra/eclipse-interview-workspace/nhs_Assignment/src/test/java/features/task1.feature:10)
]]></failure>
    <system-err><![CDATA[Jun 25, 2025 1:15:58 AM org.openqa.selenium.devtools.CdpVersionFinder findNearestMatch
WARNING: Unable to find CDP implementation matching 137
Jun 25, 2025 1:15:58 AM org.openqa.selenium.chromium.ChromiumDriver lambda$new$5
WARNING: Unable to find version of CDP to use for 137.0.7151.120. You may need to include a dependency on a specific version of the CDP using something similar to `org.seleniumhq.selenium:selenium-devtools-v86:4.18.0` where the version ("v86") matches the version of the chromium-based browser you're using and the version number of the artifact is the same as Selenium's.
]]></system-err>
  </testcase>
  <testcase name="runScenario[&quot;To test job seeker able to search jobs by location preference&quot;, &quot;To test NHS Job Search functionality&quot;](3)" classname="cucumberOptions.TestNGRunner" time="4.114">
    <failure message="expected [true] but found [false]" type="java.lang.AssertionError"><![CDATA[java.lang.AssertionError: expected [true] but found [false]
	at org.testng.Assert.fail(Assert.java:111)
	at org.testng.Assert.failNotEquals(Assert.java:1578)
	at org.testng.Assert.assertTrue(Assert.java:57)
	at org.testng.Assert.assertTrue(Assert.java:67)
	at pageObjects.CandidateSearchResultPage.validateNewestDatePostedSortBy(CandidateSearchResultPage.java:60)
	at stepDefinitions.CandidateSearchResultPageStepDefinition.sort_my_search_results_with_the_newest_date_posted(CandidateSearchResultPageStepDefinition.java:30)
	at ✽.sort my search results with the newest Date Posted(file:///C:/Users/simra/eclipse-interview-workspace/nhs_Assignment/src/test/java/features/task1.feature:10)
]]></failure>
    <system-err><![CDATA[Jun 25, 2025 1:16:03 AM org.openqa.selenium.devtools.CdpVersionFinder findNearestMatch
WARNING: Unable to find CDP implementation matching 137
Jun 25, 2025 1:16:03 AM org.openqa.selenium.chromium.ChromiumDriver lambda$new$5
WARNING: Unable to find version of CDP to use for 137.0.7151.120. You may need to include a dependency on a specific version of the CDP using something similar to `org.seleniumhq.selenium:selenium-devtools-v86:4.18.0` where the version ("v86") matches the version of the chromium-based browser you're using and the version number of the artifact is the same as Selenium's.
]]></system-err>
  </testcase>
  <testcase name="runScenario[&quot;To test job seeker able to search jobs by location preference&quot;, &quot;To test NHS Job Search functionality&quot;](4)" classname="cucumberOptions.TestNGRunner" time="4.033">
    <failure message="expected [true] but found [false]" type="java.lang.AssertionError"><![CDATA[java.lang.AssertionError: expected [true] but found [false]
	at org.testng.Assert.fail(Assert.java:111)
	at org.testng.Assert.failNotEquals(Assert.java:1578)
	at org.testng.Assert.assertTrue(Assert.java:57)
	at org.testng.Assert.assertTrue(Assert.java:67)
	at pageObjects.CandidateSearchResultPage.validateNewestDatePostedSortBy(CandidateSearchResultPage.java:60)
	at stepDefinitions.CandidateSearchResultPageStepDefinition.sort_my_search_results_with_the_newest_date_posted(CandidateSearchResultPageStepDefinition.java:30)
	at ✽.sort my search results with the newest Date Posted(file:///C:/Users/simra/eclipse-interview-workspace/nhs_Assignment/src/test/java/features/task1.feature:10)
]]></failure>
    <system-err><![CDATA[Jun 25, 2025 1:16:07 AM org.openqa.selenium.devtools.CdpVersionFinder findNearestMatch
WARNING: Unable to find CDP implementation matching 137
Jun 25, 2025 1:16:07 AM org.openqa.selenium.chromium.ChromiumDriver lambda$new$5
WARNING: Unable to find version of CDP to use for 137.0.7151.120. You may need to include a dependency on a specific version of the CDP using something similar to `org.seleniumhq.selenium:selenium-devtools-v86:4.18.0` where the version ("v86") matches the version of the chromium-based browser you're using and the version number of the artifact is the same as Selenium's.
]]></system-err>
  </testcase>
  <testcase name="runScenario[&quot;To test job seeker able to search jobs by job title / skills preference&quot;, &quot;To test NHS Job Search functionality&quot;](5)" classname="cucumberOptions.TestNGRunner" time="4.558">
    <failure message="expected [true] but found [false]" type="java.lang.AssertionError"><![CDATA[java.lang.AssertionError: expected [true] but found [false]
	at org.testng.Assert.fail(Assert.java:111)
	at org.testng.Assert.failNotEquals(Assert.java:1578)
	at org.testng.Assert.assertTrue(Assert.java:57)
	at org.testng.Assert.assertTrue(Assert.java:67)
	at pageObjects.CandidateSearchResultPage.validateNewestDatePostedSortBy(CandidateSearchResultPage.java:60)
	at stepDefinitions.CandidateSearchResultPageStepDefinition.sort_my_search_results_with_the_newest_date_posted(CandidateSearchResultPageStepDefinition.java:30)
	at ✽.sort my search results with the newest Date Posted(file:///C:/Users/simra/eclipse-interview-workspace/nhs_Assignment/src/test/java/features/task1.feature:24)
]]></failure>
    <system-err><![CDATA[Jun 25, 2025 1:16:11 AM org.openqa.selenium.devtools.CdpVersionFinder findNearestMatch
WARNING: Unable to find CDP implementation matching 137
Jun 25, 2025 1:16:11 AM org.openqa.selenium.chromium.ChromiumDriver lambda$new$5
WARNING: Unable to find version of CDP to use for 137.0.7151.120. You may need to include a dependency on a specific version of the CDP using something similar to `org.seleniumhq.selenium:selenium-devtools-v86:4.18.0` where the version ("v86") matches the version of the chromium-based browser you're using and the version number of the artifact is the same as Selenium's.
]]></system-err>
  </testcase>
  <testcase name="runScenario[&quot;To test job seeker able to search jobs by job title / skills preference&quot;, &quot;To test NHS Job Search functionality&quot;](6)" classname="cucumberOptions.TestNGRunner" time="4.654">
    <failure message="expected [true] but found [false]" type="java.lang.AssertionError"><![CDATA[java.lang.AssertionError: expected [true] but found [false]
	at org.testng.Assert.fail(Assert.java:111)
	at org.testng.Assert.failNotEquals(Assert.java:1578)
	at org.testng.Assert.assertTrue(Assert.java:57)
	at org.testng.Assert.assertTrue(Assert.java:67)
	at pageObjects.CandidateSearchResultPage.validateNewestDatePostedSortBy(CandidateSearchResultPage.java:60)
	at stepDefinitions.CandidateSearchResultPageStepDefinition.sort_my_search_results_with_the_newest_date_posted(CandidateSearchResultPageStepDefinition.java:30)
	at ✽.sort my search results with the newest Date Posted(file:///C:/Users/simra/eclipse-interview-workspace/nhs_Assignment/src/test/java/features/task1.feature:24)
]]></failure>
    <system-err><![CDATA[Jun 25, 2025 1:16:15 AM org.openqa.selenium.devtools.CdpVersionFinder findNearestMatch
WARNING: Unable to find CDP implementation matching 137
Jun 25, 2025 1:16:16 AM org.openqa.selenium.chromium.ChromiumDriver lambda$new$5
WARNING: Unable to find version of CDP to use for 137.0.7151.120. You may need to include a dependency on a specific version of the CDP using something similar to `org.seleniumhq.selenium:selenium-devtools-v86:4.18.0` where the version ("v86") matches the version of the chromium-based browser you're using and the version number of the artifact is the same as Selenium's.
]]></system-err>
  </testcase>
  <testcase name="runScenario[&quot;To test job seeker able to search jobs by job title / skills preference&quot;, &quot;To test NHS Job Search functionality&quot;](7)" classname="cucumberOptions.TestNGRunner" time="4.591">
    <failure message="expected [true] but found [false]" type="java.lang.AssertionError"><![CDATA[java.lang.AssertionError: expected [true] but found [false]
	at org.testng.Assert.fail(Assert.java:111)
	at org.testng.Assert.failNotEquals(Assert.java:1578)
	at org.testng.Assert.assertTrue(Assert.java:57)
	at org.testng.Assert.assertTrue(Assert.java:67)
	at pageObjects.CandidateSearchResultPage.validateNewestDatePostedSortBy(CandidateSearchResultPage.java:60)
	at stepDefinitions.CandidateSearchResultPageStepDefinition.sort_my_search_results_with_the_newest_date_posted(CandidateSearchResultPageStepDefinition.java:30)
	at ✽.sort my search results with the newest Date Posted(file:///C:/Users/simra/eclipse-interview-workspace/nhs_Assignment/src/test/java/features/task1.feature:24)
]]></failure>
    <system-err><![CDATA[Jun 25, 2025 1:16:20 AM org.openqa.selenium.devtools.CdpVersionFinder findNearestMatch
WARNING: Unable to find CDP implementation matching 137
Jun 25, 2025 1:16:20 AM org.openqa.selenium.chromium.ChromiumDriver lambda$new$5
WARNING: Unable to find version of CDP to use for 137.0.7151.120. You may need to include a dependency on a specific version of the CDP using something similar to `org.seleniumhq.selenium:selenium-devtools-v86:4.18.0` where the version ("v86") matches the version of the chromium-based browser you're using and the version number of the artifact is the same as Selenium's.
]]></system-err>
  </testcase>
  <testcase name="runScenario[&quot;To test job seeker able to search jobs by job reference preference&quot;, &quot;To test NHS Job Search functionality&quot;](8)" classname="cucumberOptions.TestNGRunner" time="4.407">
    <failure message="expected [true] but found [false]" type="java.lang.AssertionError"><![CDATA[java.lang.AssertionError: expected [true] but found [false]
	at org.testng.Assert.fail(Assert.java:111)
	at org.testng.Assert.failNotEquals(Assert.java:1578)
	at org.testng.Assert.assertTrue(Assert.java:57)
	at org.testng.Assert.assertTrue(Assert.java:67)
	at pageObjects.CandidateSearchResultPage.validateNewestDatePostedSortBy(CandidateSearchResultPage.java:60)
	at stepDefinitions.CandidateSearchResultPageStepDefinition.sort_my_search_results_with_the_newest_date_posted(CandidateSearchResultPageStepDefinition.java:30)
	at ✽.sort my search results with the newest Date Posted(file:///C:/Users/simra/eclipse-interview-workspace/nhs_Assignment/src/test/java/features/task1.feature:37)
]]></failure>
    <system-err><![CDATA[Jun 25, 2025 1:16:25 AM org.openqa.selenium.devtools.CdpVersionFinder findNearestMatch
WARNING: Unable to find CDP implementation matching 137
Jun 25, 2025 1:16:25 AM org.openqa.selenium.chromium.ChromiumDriver lambda$new$5
WARNING: Unable to find version of CDP to use for 137.0.7151.120. You may need to include a dependency on a specific version of the CDP using something similar to `org.seleniumhq.selenium:selenium-devtools-v86:4.18.0` where the version ("v86") matches the version of the chromium-based browser you're using and the version number of the artifact is the same as Selenium's.
]]></system-err>
  </testcase>
  <testcase name="runScenario[&quot;To test job seeker able to search jobs by Employer preference&quot;, &quot;To test NHS Job Search functionality&quot;](9)" classname="cucumberOptions.TestNGRunner" time="4.537">
    <failure message="expected [true] but found [false]" type="java.lang.AssertionError"><![CDATA[java.lang.AssertionError: expected [true] but found [false]
	at org.testng.Assert.fail(Assert.java:111)
	at org.testng.Assert.failNotEquals(Assert.java:1578)
	at org.testng.Assert.assertTrue(Assert.java:57)
	at org.testng.Assert.assertTrue(Assert.java:67)
	at pageObjects.CandidateSearchResultPage.validateNewestDatePostedSortBy(CandidateSearchResultPage.java:60)
	at stepDefinitions.CandidateSearchResultPageStepDefinition.sort_my_search_results_with_the_newest_date_posted(CandidateSearchResultPageStepDefinition.java:30)
	at ✽.sort my search results with the newest Date Posted(file:///C:/Users/simra/eclipse-interview-workspace/nhs_Assignment/src/test/java/features/task1.feature:50)
]]></failure>
    <system-err><![CDATA[Jun 25, 2025 1:16:29 AM org.openqa.selenium.devtools.CdpVersionFinder findNearestMatch
WARNING: Unable to find CDP implementation matching 137
Jun 25, 2025 1:16:29 AM org.openqa.selenium.chromium.ChromiumDriver lambda$new$5
WARNING: Unable to find version of CDP to use for 137.0.7151.120. You may need to include a dependency on a specific version of the CDP using something similar to `org.seleniumhq.selenium:selenium-devtools-v86:4.18.0` where the version ("v86") matches the version of the chromium-based browser you're using and the version number of the artifact is the same as Selenium's.
]]></system-err>
  </testcase>
  <testcase name="runScenario[&quot;To test job seeker able to search jobs by pay range preference&quot;, &quot;To test NHS Job Search functionality&quot;](10)" classname="cucumberOptions.TestNGRunner" time="4.44">
    <failure message="expected [true] but found [false]" type="java.lang.AssertionError"><![CDATA[java.lang.AssertionError: expected [true] but found [false]
	at org.testng.Assert.fail(Assert.java:111)
	at org.testng.Assert.failNotEquals(Assert.java:1578)
	at org.testng.Assert.assertTrue(Assert.java:57)
	at org.testng.Assert.assertTrue(Assert.java:67)
	at pageObjects.CandidateSearchResultPage.validateNewestDatePostedSortBy(CandidateSearchResultPage.java:60)
	at stepDefinitions.CandidateSearchResultPageStepDefinition.sort_my_search_results_with_the_newest_date_posted(CandidateSearchResultPageStepDefinition.java:30)
	at ✽.sort my search results with the newest Date Posted(file:///C:/Users/simra/eclipse-interview-workspace/nhs_Assignment/src/test/java/features/task1.feature:62)
]]></failure>
    <system-err><![CDATA[Jun 25, 2025 1:16:34 AM org.openqa.selenium.devtools.CdpVersionFinder findNearestMatch
WARNING: Unable to find CDP implementation matching 137
Jun 25, 2025 1:16:34 AM org.openqa.selenium.chromium.ChromiumDriver lambda$new$5
WARNING: Unable to find version of CDP to use for 137.0.7151.120. You may need to include a dependency on a specific version of the CDP using something similar to `org.seleniumhq.selenium:selenium-devtools-v86:4.18.0` where the version ("v86") matches the version of the chromium-based browser you're using and the version number of the artifact is the same as Selenium's.
]]></system-err>
  </testcase>
  <testcase name="runScenario[&quot;To test job seeker able to search jobs by job title, location and Pay range preferences&quot;, &quot;To test NHS Job Search functionality&quot;](11)" classname="cucumberOptions.TestNGRunner" time="4.814">
    <failure message="expected [true] but found [false]" type="java.lang.AssertionError"><![CDATA[java.lang.AssertionError: expected [true] but found [false]
	at org.testng.Assert.fail(Assert.java:111)
	at org.testng.Assert.failNotEquals(Assert.java:1578)
	at org.testng.Assert.assertTrue(Assert.java:57)
	at org.testng.Assert.assertTrue(Assert.java:67)
	at pageObjects.CandidateSearchResultPage.validateNewestDatePostedSortBy(CandidateSearchResultPage.java:60)
	at stepDefinitions.CandidateSearchResultPageStepDefinition.sort_my_search_results_with_the_newest_date_posted(CandidateSearchResultPageStepDefinition.java:30)
	at ✽.sort my search results with the newest Date Posted(file:///C:/Users/simra/eclipse-interview-workspace/nhs_Assignment/src/test/java/features/task1.feature:78)
]]></failure>
    <system-err><![CDATA[Jun 25, 2025 1:16:38 AM org.openqa.selenium.devtools.CdpVersionFinder findNearestMatch
WARNING: Unable to find CDP implementation matching 137
Jun 25, 2025 1:16:38 AM org.openqa.selenium.chromium.ChromiumDriver lambda$new$5
WARNING: Unable to find version of CDP to use for 137.0.7151.120. You may need to include a dependency on a specific version of the CDP using something similar to `org.seleniumhq.selenium:selenium-devtools-v86:4.18.0` where the version ("v86") matches the version of the chromium-based browser you're using and the version number of the artifact is the same as Selenium's.
]]></system-err>
  </testcase>
</testsuite>